Total: 998 samples
     864  86.6%  86.6%      997  99.9% justdoit
      37   3.7%  90.3%       37   3.7% ?? /usr/src/debug////////glibc-2.17-c758a686/string/../sysdeps/x86_64/multiarch/strcmp-sse42.S:165
      16   1.6%  91.9%       74   7.4% SortedList_insert
      12   1.2%  93.1%       12   1.2% ?? /usr/src/debug////////glibc-2.17-c758a686/string/../sysdeps/x86_64/multiarch/strcmp-sse42.S:1721
      11   1.1%  94.2%       58   5.8% SortedList_lookup
       9   0.9%  95.1%        9   0.9% ?? /usr/src/debug////////glibc-2.17-c758a686/string/../sysdeps/x86_64/multiarch/strcmp-sse42.S:1730
       8   0.8%  95.9%        8   0.8% ?? /usr/src/debug////////glibc-2.17-c758a686/string/../sysdeps/x86_64/multiarch/strcmp-sse42.S:1720
       6   0.6%  96.5%        6   0.6% ?? /usr/src/debug////////glibc-2.17-c758a686/string/../sysdeps/x86_64/multiarch/strcmp-sse42.S:160
       6   0.6%  97.1%        6   0.6% ?? /usr/src/debug////////glibc-2.17-c758a686/string/../sysdeps/x86_64/multiarch/strcmp-sse42.S:202
       5   0.5%  97.6%        5   0.5% ?? /usr/src/debug////////glibc-2.17-c758a686/string/../sysdeps/x86_64/multiarch/strcmp-sse42.S:1714
       5   0.5%  98.1%        5   0.5% _init
       4   0.4%  98.5%        4   0.4% ?? /usr/src/debug////////glibc-2.17-c758a686/string/../sysdeps/x86_64/multiarch/strcmp-sse42.S:1729
       3   0.3%  98.8%        3   0.3% ?? /usr/src/debug////////glibc-2.17-c758a686/string/../sysdeps/x86_64/multiarch/strcmp-sse42.S:130
       3   0.3%  99.1%        3   0.3% ?? /usr/src/debug////////glibc-2.17-c758a686/string/../sysdeps/x86_64/multiarch/strcmp-sse42.S:200
       3   0.3%  99.4%        3   0.3% ?? /usr/src/debug////////glibc-2.17-c758a686/string/../sysdeps/x86_64/multiarch/strcmp-sse42.S:204
       3   0.3%  99.7%        3   0.3% ?? /usr/src/debug////////glibc-2.17-c758a686/string/../sysdeps/x86_64/multiarch/strcmp-sse42.S:205
       1   0.1%  99.8%        1   0.1% ?? /usr/src/debug////////glibc-2.17-c758a686/string/../sysdeps/x86_64/multiarch/strcmp-sse42.S:203
       1   0.1%  99.9%        1   0.1% __GI___clock_gettime
       1   0.1% 100.0%        1   0.1% rand
       0   0.0% 100.0%      997  99.9% ?? /usr/src/debug////////glibc-2.17-c758a686/misc/../sysdeps/unix/sysv/linux/x86_64/clone.S:111
       0   0.0% 100.0%        1   0.1% __libc_start_main
       0   0.0% 100.0%        1   0.1% _start
       0   0.0% 100.0%        1   0.1% keygen
       0   0.0% 100.0%        1   0.1% main
       0   0.0% 100.0%      997  99.9% start_thread
